0 info it worked if it ends with ok
1 verbose cli [ 'node', '/usr/bin/npm', 'install', 'errorhander' ]
2 info using npm@3.7.1
3 info using node@v0.10.37
4 verbose node symlink /usr/bin/node
5 silly loadCurrentTree Starting
6 silly install loadCurrentTree
7 silly install readLocalPackageData
8 silly fetchPackageMetaData errorhander
9 silly fetchNamedPackageData errorhander
10 silly mapToRegistry name errorhander
11 silly mapToRegistry using default registry
12 silly mapToRegistry registry https://registry.npmjs.org/
13 silly mapToRegistry uri https://registry.npmjs.org/errorhander
14 verbose request uri https://registry.npmjs.org/errorhander
15 verbose request no auth needed
16 info attempt registry request try #1 at 11:41:20
17 verbose request using bearer token for auth
18 verbose request id 0b9bee2015216a3d
19 http request GET https://registry.npmjs.org/errorhander
20 http 404 https://registry.npmjs.org/errorhander
21 verbose headers { 'content-type': 'application/json',
21 verbose headers   'cache-control': 'max-age=0',
21 verbose headers   'content-length': '2',
21 verbose headers   'accept-ranges': 'bytes',
21 verbose headers   date: 'Thu, 25 Feb 2016 10:41:20 GMT',
21 verbose headers   via: '1.1 varnish',
21 verbose headers   connection: 'keep-alive',
21 verbose headers   'x-served-by': 'cache-lcy1123-LCY',
21 verbose headers   'x-cache': 'MISS',
21 verbose headers   'x-cache-hits': '0',
21 verbose headers   'x-timer': 'S1456396880.696316,VS0,VE158' }
22 silly get cb [ 404,
22 silly get   { 'content-type': 'application/json',
22 silly get     'cache-control': 'max-age=0',
22 silly get     'content-length': '2',
22 silly get     'accept-ranges': 'bytes',
22 silly get     date: 'Thu, 25 Feb 2016 10:41:20 GMT',
22 silly get     via: '1.1 varnish',
22 silly get     connection: 'keep-alive',
22 silly get     'x-served-by': 'cache-lcy1123-LCY',
22 silly get     'x-cache': 'MISS',
22 silly get     'x-cache-hits': '0',
22 silly get     'x-timer': 'S1456396880.696316,VS0,VE158' } ]
23 silly fetchPackageMetaData Error: Registry returned 404 for GET on https://registry.npmjs.org/errorhander
23 silly fetchPackageMetaData     at makeError (/usr/lib/node_modules/npm/node_modules/npm-registry-client/lib/request.js:264:12)
23 silly fetchPackageMetaData     at CachingRegistryClient.<anonymous> (/usr/lib/node_modules/npm/node_modules/npm-registry-client/lib/request.js:242:14)
23 silly fetchPackageMetaData     at Request._callback (/usr/lib/node_modules/npm/node_modules/npm-registry-client/lib/request.js:172:14)
23 silly fetchPackageMetaData     at Request.self.callback (/usr/lib/node_modules/npm/node_modules/request/request.js:199:22)
23 silly fetchPackageMetaData     at Request.emit (events.js:98:17)
23 silly fetchPackageMetaData     at Request.<anonymous> (/usr/lib/node_modules/npm/node_modules/request/request.js:1036:10)
23 silly fetchPackageMetaData     at Request.emit (events.js:117:20)
23 silly fetchPackageMetaData     at IncomingMessage.<anonymous> (/usr/lib/node_modules/npm/node_modules/request/request.js:963:12)
23 silly fetchPackageMetaData     at IncomingMessage.emit (events.js:117:20)
23 silly fetchPackageMetaData     at _stream_readable.js:944:16
23 silly fetchPackageMetaData  error for errorhander { [Error: Registry returned 404 for GET on https://registry.npmjs.org/errorhander] pkgid: 'errorhander', statusCode: 404, code: 'E404' }
24 silly rollbackFailedOptional Starting
25 silly rollbackFailedOptional Finishing
26 silly runTopLevelLifecycles Starting
27 silly runTopLevelLifecycles Finishing
28 silly install printInstalled
29 verbose stack Error: Registry returned 404 for GET on https://registry.npmjs.org/errorhander
29 verbose stack     at makeError (/usr/lib/node_modules/npm/node_modules/npm-registry-client/lib/request.js:264:12)
29 verbose stack     at CachingRegistryClient.<anonymous> (/usr/lib/node_modules/npm/node_modules/npm-registry-client/lib/request.js:242:14)
29 verbose stack     at Request._callback (/usr/lib/node_modules/npm/node_modules/npm-registry-client/lib/request.js:172:14)
29 verbose stack     at Request.self.callback (/usr/lib/node_modules/npm/node_modules/request/request.js:199:22)
29 verbose stack     at Request.emit (events.js:98:17)
29 verbose stack     at Request.<anonymous> (/usr/lib/node_modules/npm/node_modules/request/request.js:1036:10)
29 verbose stack     at Request.emit (events.js:117:20)
29 verbose stack     at IncomingMessage.<anonymous> (/usr/lib/node_modules/npm/node_modules/request/request.js:963:12)
29 verbose stack     at IncomingMessage.emit (events.js:117:20)
29 verbose stack     at _stream_readable.js:944:16
30 verbose statusCode 404
31 verbose pkgid errorhander
32 verbose cwd /home/aurora/startchat/modified_example
33 error Linux 3.19.0-25-generic
34 error argv "node" "/usr/bin/npm" "install" "errorhander"
35 error node v0.10.37
36 error npm  v3.7.1
37 error code E404
38 error 404 Registry returned 404 for GET on https://registry.npmjs.org/errorhander
39 error 404
40 error 404 'errorhander' is not in the npm registry.
41 error 404 You should bug the author to publish it (or use the name yourself!)
42 error 404 Note that you can also install from a
43 error 404 tarball, folder, http url, or git url.
44 verbose exit [ 1, true ]
